<?xml version="1.0" encoding="UTF-8"?>
<!-- Generated by org.testng.reporters.JUnitReportReporter -->
<testsuite hostname="VAIO" name="plistas.ListaCircularSLRCGeneric1Test1" tests="1" failures="0" timestamp="14 Nov 2014 07:24:05 GMT" time="0.012" errors="0">
  <testcase name="testIterator_DLNode3" time="0.012" classname="plistas.ListaCircularSLRCGeneric1Test1"/>
</testsuite> <!-- plistas.ListaCircularSLRCGeneric1Test1 -->
